<?xml version="1.0" encoding="UTF-8"?>
<!-- Generated by org.testng.reporters.JUnitReportReporter -->
<testsuite hostname="DESKTOP-T9I1UPJ" failures="0" tests="2" name="qaclickacademy.SeleniumTest" time="0.000" errors="0" timestamp="2019-10-08T16:02:57 CDT" skipped="0">
  <testcase classname="qaclickacademy.SeleniumTest" name="browserAutomation" time="0.000"/>
  <testcase classname="qaclickacademy.SeleniumTest" name="elementUI" time="0.000"/>
</testsuite> <!-- qaclickacademy.SeleniumTest -->
