<?xml version="1.0" encoding="UTF-8"?>
<!-- Generated by org.testng.reporters.JUnitReportReporter -->
<testsuite hostname="DESKTOP-T9I1UPJ" failures="0" tests="2" name="qaclickacademy.AppiumTest" time="0.014" errors="0" timestamp="2019-10-08T16:02:57 CDT" skipped="0">
  <testcase classname="qaclickacademy.AppiumTest" name="nativeAppAndroid" time="0.013"/>
  <testcase classname="qaclickacademy.AppiumTest" name="nativeAppIOS" time="0.001"/>
</testsuite> <!-- qaclickacademy.AppiumTest -->
